<?xml version="1.0" encoding="UTF-8"?>
<testng-results ignored="0" total="4" passed="4" failed="0" skipped="0">
  <reporter-output>
  </reporter-output>
  <suite started-at="2021-07-23T02:39:22Z" name="Default suite" finished-at="2021-07-23T02:40:35Z" duration-ms="73232">
    <groups>
    </groups>
    <test started-at="2021-07-23T02:39:22Z" name="Default test" finished-at="2021-07-23T02:40:35Z" duration-ms="73232">
      <class name="org.automation.testcases.TC_02_ValidateRegistrationFunctionality">
        <test-method is-config="true" signature="initiateDriverInstance()[pri:0, instance:org.automation.testcases.TC_02_ValidateRegistrationFunctionality@57a78e3]" started-at="2021-07-23T02:39:24Z" name="initiateDriverInstance" finished-at="2021-07-23T02:39:36Z" duration-ms="12112" status="PASS">
          <reporter-output>
          </reporter-output>
        </test-method> <!-- initiateDriverInstance -->
        <test-method signature="TC_02_ValidateRegistrationFunctionality(java.lang.String, java.lang.String)[pri:0, instance:org.automation.testcases.TC_02_ValidateRegistrationFunctionality@57a78e3]" started-at="2021-07-23T02:39:36Z" name="TC_02_ValidateRegistrationFunctionality" data-provider="excel" finished-at="2021-07-23T02:39:39Z" duration-ms="3238" status="PASS">
          <params>
            <param index="0">
              <value>
                <![CDATA[veera]]>
              </value>
            </param>
            <param index="1">
              <value>
                <![CDATA[Thota]]>
              </value>
            </param>
          </params>
          <reporter-output>
          </reporter-output>
        </test-method> <!-- TC_02_ValidateRegistrationFunctionality -->
        <test-method is-config="true" signature="closeDriverInstance()[pri:0, instance:org.automation.testcases.TC_02_ValidateRegistrationFunctionality@57a78e3]" started-at="2021-07-23T02:39:39Z" name="closeDriverInstance" finished-at="2021-07-23T02:39:40Z" duration-ms="435" status="PASS">
          <reporter-output>
          </reporter-output>
        </test-method> <!-- closeDriverInstance -->
        <test-method is-config="true" signature="initiateDriverInstance()[pri:0, instance:org.automation.testcases.TC_02_ValidateRegistrationFunctionality@57a78e3]" started-at="2021-07-23T02:39:40Z" name="initiateDriverInstance" finished-at="2021-07-23T02:39:58Z" duration-ms="18143" status="PASS">
          <reporter-output>
          </reporter-output>
        </test-method> <!-- initiateDriverInstance -->
        <test-method signature="TC_02_ValidateRegistrationFunctionality(java.lang.String, java.lang.String)[pri:0, instance:org.automation.testcases.TC_02_ValidateRegistrationFunctionality@57a78e3]" started-at="2021-07-23T02:39:58Z" name="TC_02_ValidateRegistrationFunctionality" data-provider="excel" finished-at="2021-07-23T02:40:06Z" duration-ms="8666" status="PASS">
          <params>
            <param index="0">
              <value>
                <![CDATA[Ramanji]]>
              </value>
            </param>
            <param index="1">
              <value>
                <![CDATA[Thota]]>
              </value>
            </param>
          </params>
          <reporter-output>
          </reporter-output>
        </test-method> <!-- TC_02_ValidateRegistrationFunctionality -->
        <test-method is-config="true" signature="closeDriverInstance()[pri:0, instance:org.automation.testcases.TC_02_ValidateRegistrationFunctionality@57a78e3]" started-at="2021-07-23T02:40:06Z" name="closeDriverInstance" finished-at="2021-07-23T02:40:07Z" duration-ms="606" status="PASS">
          <reporter-output>
          </reporter-output>
        </test-method> <!-- closeDriverInstance -->
        <test-method is-config="true" signature="initiateDriverInstance()[pri:0, instance:org.automation.testcases.TC_02_ValidateRegistrationFunctionality@57a78e3]" started-at="2021-07-23T02:40:07Z" name="initiateDriverInstance" finished-at="2021-07-23T02:40:17Z" duration-ms="9861" status="PASS">
          <reporter-output>
          </reporter-output>
        </test-method> <!-- initiateDriverInstance -->
        <test-method signature="TC_02_ValidateRegistrationFunctionality(java.lang.String, java.lang.String)[pri:0, instance:org.automation.testcases.TC_02_ValidateRegistrationFunctionality@57a78e3]" started-at="2021-07-23T02:40:17Z" name="TC_02_ValidateRegistrationFunctionality" data-provider="excel" finished-at="2021-07-23T02:40:20Z" duration-ms="3381" status="PASS">
          <params>
            <param index="0">
              <value>
                <![CDATA[Anji]]>
              </value>
            </param>
            <param index="1">
              <value>
                <![CDATA[Thota]]>
              </value>
            </param>
          </params>
          <reporter-output>
          </reporter-output>
        </test-method> <!-- TC_02_ValidateRegistrationFunctionality -->
        <test-method is-config="true" signature="closeDriverInstance()[pri:0, instance:org.automation.testcases.TC_02_ValidateRegistrationFunctionality@57a78e3]" started-at="2021-07-23T02:40:20Z" name="closeDriverInstance" finished-at="2021-07-23T02:40:21Z" duration-ms="394" status="PASS">
          <reporter-output>
          </reporter-output>
        </test-method> <!-- closeDriverInstance -->
        <test-method is-config="true" signature="initiateDriverInstance()[pri:0, instance:org.automation.testcases.TC_02_ValidateRegistrationFunctionality@57a78e3]" started-at="2021-07-23T02:40:21Z" name="initiateDriverInstance" finished-at="2021-07-23T02:40:31Z" duration-ms="10551" status="PASS">
          <reporter-output>
          </reporter-output>
        </test-method> <!-- initiateDriverInstance -->
        <test-method signature="TC_02_ValidateRegistrationFunctionality(java.lang.String, java.lang.String)[pri:0, instance:org.automation.testcases.TC_02_ValidateRegistrationFunctionality@57a78e3]" started-at="2021-07-23T02:40:31Z" name="TC_02_ValidateRegistrationFunctionality" data-provider="excel" finished-at="2021-07-23T02:40:35Z" duration-ms="3658" status="PASS">
          <params>
            <param index="0">
              <value>
                <![CDATA[thota]]>
              </value>
            </param>
            <param index="1">
              <value>
                <![CDATA[Rama]]>
              </value>
            </param>
          </params>
          <reporter-output>
          </reporter-output>
        </test-method> <!-- TC_02_ValidateRegistrationFunctionality -->
        <test-method is-config="true" signature="closeDriverInstance()[pri:0, instance:org.automation.testcases.TC_02_ValidateRegistrationFunctionality@57a78e3]" started-at="2021-07-23T02:40:35Z" name="closeDriverInstance" finished-at="2021-07-23T02:40:35Z" duration-ms="297" status="PASS">
          <reporter-output>
          </reporter-output>
        </test-method> <!-- closeDriverInstance -->
      </class> <!-- org.automation.testcases.TC_02_ValidateRegistrationFunctionality -->
    </test> <!-- Default test -->
  </suite> <!-- Default suite -->
</testng-results>
