<?xml version="1.0" encoding="UTF-8"?>
<!-- Generated by org.testng.reporters.JUnitXMLReporter -->
<testsuite ignored="0" hostname="THOTAV3-TL1" failures="0" tests="4" name="Default test" time="73.232" errors="0" timestamp="23 Jul 2021 02:40:35 GMT">
  <testcase classname="org.automation.testcases.TC_02_ValidateRegistrationFunctionality" name="TC_02_ValidateRegistrationFunctionality" time="3.238"/>
  <testcase classname="org.automation.testcases.TC_02_ValidateRegistrationFunctionality" name="TC_02_ValidateRegistrationFunctionality" time="8.666"/>
  <testcase classname="org.automation.testcases.TC_02_ValidateRegistrationFunctionality" name="TC_02_ValidateRegistrationFunctionality" time="3.381"/>
  <testcase classname="org.automation.testcases.TC_02_ValidateRegistrationFunctionality" name="TC_02_ValidateRegistrationFunctionality" time="3.658"/>
</testsuite> <!-- Default test -->
