<?xml version="1.0" encoding="UTF-8"?>
<!-- Generated by org.testng.reporters.JUnitXMLReporter -->
<testsuite ignored="0" hostname="THOTAV3-TL1" failures="1" tests="2" name="Test" time="1.554" errors="0" timestamp="23 Jul 2021 02:35:20 GMT">
  <testcase classname="org.automation.testcases.TC_01_ValidateLogInFunctionality" name="TC_001_LoinFunctionality" time="0.026">
    <failure type="org.testng.internal.reflect.MethodMatcherException" message="
Data provider mismatch
Method: TC_001_LoinFunctionality([Parameter{index=0, type=java.lang.String, declaredAnnotations=[]}, Parameter{index=1, type=java.lang.String, declaredAnnotations=[]}])
Arguments: [null,null,null]">
      <![CDATA[org.testng.internal.reflect.MethodMatcherException: 
Data provider mismatch
Method: TC_001_LoinFunctionality([Parameter{index=0, type=java.lang.String, declaredAnnotations=[]}, Parameter{index=1, type=java.lang.String, declaredAnnotations=[]}])
Arguments: [null,null,null]
... Removed 20 stack frames]]>
    </failure>
  </testcase> <!-- TC_001_LoinFunctionality -->
  <testcase classname="org.automation.testcases.TC_02_ValidateRegistrationFunctionality" name="TC_02_ValidateRegistrationFunctionality" time="0.0">
    <skipped/>
  </testcase> <!-- TC_02_ValidateRegistrationFunctionality -->
</testsuite> <!-- Test -->
